Performing C SOURCE FILE Test CMAKE_HAVE_LIBC_PTHREAD failed with the following output:
Change Dir: /home/wsacewicz/Documents/cpp/vscode_cpp_sdl2_template-master/build/CMakeFiles/CMakeTmp

Run Build Command(s):/usr/bin/gmake -f Makefile cmTC_1ad2d/fast && /usr/bin/gmake  -f CMakeFiles/cmTC_1ad2d.dir/build.make CMakeFiles/cmTC_1ad2d.dir/build
gmake[1]: Entering directory '/home/wsacewicz/Documents/cpp/vscode_cpp_sdl2_template-master/build/CMakeFiles/CMakeTmp'
Building C object CMakeFiles/cmTC_1ad2d.dir/src.c.o
/bin/x86_64-linux-gnu-gcc-10 -DCMAKE_HAVE_LIBC_PTHREAD   -o CMakeFiles/cmTC_1ad2d.dir/src.c.o -c /home/wsacewicz/Documents/cpp/vscode_cpp_sdl2_template-master/build/CMakeFiles/CMakeTmp/src.c
Linking C executable cmTC_1ad2d
/usr/bin/cmake -E cmake_link_script CMakeFiles/cmTC_1ad2d.dir/link.txt --verbose=1
/bin/x86_64-linux-gnu-gcc-10 -rdynamic CMakeFiles/cmTC_1ad2d.dir/src.c.o -o cmTC_1ad2d 
/usr/bin/ld: CMakeFiles/cmTC_1ad2d.dir/src.c.o: in function `main':
src.c:(.text+0x2f): undefined reference to `pthread_create'
/usr/bin/ld: src.c:(.text+0x3b): undefined reference to `pthread_detach'
/usr/bin/ld: src.c:(.text+0x47): undefined reference to `pthread_cancel'
/usr/bin/ld: src.c:(.text+0x58): undefined reference to `pthread_join'
collect2: error: ld returned 1 exit status
gmake[1]: *** [CMakeFiles/cmTC_1ad2d.dir/build.make:99: cmTC_1ad2d] Error 1
gmake[1]: Leaving directory '/home/wsacewicz/Documents/cpp/vscode_cpp_sdl2_template-master/build/CMakeFiles/CMakeTmp'
gmake: *** [Makefile:127: cmTC_1ad2d/fast] Error 2


Source file was:
#include <pthread.h>

static void* test_func(void* data)
{
  return data;
}

int main(void)
{
  pthread_t thread;
  pthread_create(&thread, NULL, test_func, NULL);
  pthread_detach(thread);
  pthread_cancel(thread);
  pthread_join(thread, NULL);
  pthread_atfork(NULL, NULL, NULL);
  pthread_exit(NULL);

  return 0;
}

